<?xml version="1.0" encoding="UTF-8"?>
<testsuite name="com.swedlg.SSPR_LAB_3.SSPRLab3ApplicationTests" tests="1" skipped="0" failures="0" errors="0" timestamp="2023-05-05T09:03:56" hostname="LAPTOP-GV4FSJ96" time="0.666">
  <properties/>
  <testcase name="contextLoads()" classname="com.swedlg.SSPR_LAB_3.SSPRLab3ApplicationTests" time="0.666"/>
  <system-out><![CDATA[13:03:54.270 [Test worker] DEBUG org.springframework.boot.test.context.SpringBootTestContextBootstrapper -- Neither @ContextConfiguration nor @ContextHierarchy found for test class [SSPRLab3ApplicationTests]: using SpringBootContextLoader
13:03:54.276 [Test worker] DEBUG org.springframework.test.context.support.AbstractContextLoader -- Could not detect default resource locations for test class [com.swedlg.SSPR_LAB_3.SSPRLab3ApplicationTests]: no resource found for suffixes {-context.xml, Context.groovy}.
13:03:54.277 [Test worker] INFO org.springframework.test.context.support.AnnotationConfigContextLoaderUtils -- Could not detect default configuration classes for test class [com.swedlg.SSPR_LAB_3.SSPRLab3ApplicationTests]: SSPRLab3ApplicationTests does not declare any static, non-private, non-final, nested classes annotated with @Configuration.
13:03:54.320 [Test worker] DEBUG org.springframework.boot.test.context.SpringBootTestContextBootstrapper -- Using ContextCustomizers for test class [SSPRLab3ApplicationTests]: [DisableObservabilityContextCustomizer, PropertyMappingContextCustomizer, Customizer, ExcludeFilterContextCustomizer, DuplicateJsonObjectContextCustomizer, MockitoContextCustomizer, TestRestTemplateContextCustomizer]
13:03:54.435 [Test worker] DEBUG org.springframework.context.annotation.ClassPathScanningCandidateComponentProvider -- Identified candidate component class: file [C:\Users\swedl\IntelliJ_IDEA_Projects\SSPR_LAB_3\build\classes\java\main\com\swedlg\SSPR_LAB_3\SsprLab3Application.class]
13:03:54.437 [Test worker] INFO org.springframework.boot.test.context.SpringBootTestContextBootstrapper -- Found @SpringBootConfiguration com.swedlg.SSPR_LAB_3.SsprLab3Application for test class com.swedlg.SSPR_LAB_3.SSPRLab3ApplicationTests
13:03:54.625 [Test worker] DEBUG org.springframework.test.context.util.TestContextSpringFactoriesUtils -- Skipping candidate TestExecutionListener [org.springframework.test.context.transaction.TransactionalTestExecutionListener] due to a missing dependency. Specify custom TestExecutionListener classes or make the default TestExecutionListener classes and their required dependencies available. Offending class: [org/springframework/transaction/interceptor/TransactionAttributeSource]
13:03:54.628 [Test worker] DEBUG org.springframework.test.context.util.TestContextSpringFactoriesUtils -- Skipping candidate TestExecutionListener [org.springframework.test.context.jdbc.SqlScriptsTestExecutionListener] due to a missing dependency. Specify custom TestExecutionListener classes or make the default TestExecutionListener classes and their required dependencies available. Offending class: [org/springframework/transaction/interceptor/TransactionAttribute]
13:03:54.632 [Test worker] DEBUG org.springframework.boot.test.context.SpringBootTestContextBootstrapper -- Using TestExecutionListeners for test class [SSPRLab3ApplicationTests]: [ServletTestExecutionListener, DirtiesContextBeforeModesTestExecutionListener, ApplicationEventsTestExecutionListener, MockitoTestExecutionListener, DependencyInjectionTestExecutionListener, DirtiesContextTestExecutionListener, EventPublishingTestExecutionListener, RestDocsTestExecutionListener, MockRestServiceServerResetTestExecutionListener, MockMvcPrintOnlyOnFailureTestExecutionListener, WebDriverTestExecutionListener, MockWebServiceServerTestExecutionListener, ResetMocksTestExecutionListener]
13:03:54.634 [Test worker] DEBUG org.springframework.test.context.support.AbstractDirtiesContextTestExecutionListener -- Before test class: class [SSPRLab3ApplicationTests], class annotated with @DirtiesContext [false] with mode [null]

  .   ____          _            __ _ _
 /\\ / ___'_ __ _ _(_)_ __  __ _ \ \ \ \
( ( )\___ | '_ | '_| | '_ \/ _` | \ \ \ \
 \\/  ___)| |_)| | | | | || (_| |  ) ) ) )
  '  |____| .__|_| |_|_| |_\__, | / / / /
 =========|_|==============|___/=/_/_/_/
 :: Spring Boot ::                (v3.0.6)

2023-05-05T13:03:55.167+04:00  INFO 1572 --- [    Test worker] c.s.SSPR_LAB_3.SSPRLab3ApplicationTests  : Starting SSPRLab3ApplicationTests using Java 17.0.5 with PID 1572 (started by swedl in C:\Users\swedl\IntelliJ_IDEA_Projects\SSPR_LAB_3)
2023-05-05T13:03:55.169+04:00  INFO 1572 --- [    Test worker] c.s.SSPR_LAB_3.SSPRLab3ApplicationTests  : No active profile set, falling back to 1 default profile: "default"
2023-05-05T13:03:56.964+04:00  INFO 1572 --- [    Test worker] c.s.SSPR_LAB_3.SSPRLab3ApplicationTests  : Started SSPRLab3ApplicationTests in 2.26 seconds (process running for 4.259)
]]></system-out>
  <system-err><![CDATA[]]></system-err>
</testsuite>
